This is pdfTeX, Version 3.141592653-2.6-1.40.24 (MiKTeX 22.8.28) (preloaded format=pdflatex 2023.12.3)  3 JAN 2024 13:21
entering extended mode
 restricted \write18 enabled.
 file:line:error style messages enabled.
 %&-line parsing enabled.
**./protocol.tex
(protocol.tex
LaTeX2e <2022-06-01> patch level 5
L3 programming layer <2022-08-30>
(C:\Users\Robin\AppData\Local\Programs\MiKTeX\tex/latex/base\article.cls
Document Class: article 2021/10/04 v1.4n Standard LaTeX document class
(C:\Users\Robin\AppData\Local\Programs\MiKTeX\tex/latex/base\size12.clo
File: size12.clo 2021/10/04 v1.4n Standard LaTeX file (size option)
)
\c@part=\count185
\c@section=\count186
\c@subsection=\count187
\c@subsubsection=\count188
\c@paragraph=\count189
\c@subparagraph=\count190
\c@figure=\count191
\c@table=\count192
\abovecaptionskip=\skip47
\belowcaptionskip=\skip48
\bibindent=\dimen138
)
(C:\Users\Robin\AppData\Local\Programs\MiKTeX\tex/latex/graphics\graphicx.sty
Package: graphicx 2021/09/16 v1.2d Enhanced LaTeX Graphics (DPC,SPQR)

(C:\Users\Robin\AppData\Local\Programs\MiKTeX\tex/latex/graphics\keyval.sty
Package: keyval 2022/05/29 v1.15 key=value parser (DPC)
\KV@toks@=\toks16
)
(C:\Users\Robin\AppData\Local\Programs\MiKTeX\tex/latex/graphics\graphics.sty
Package: graphics 2022/03/10 v1.4e Standard LaTeX Graphics (DPC,SPQR)

(C:\Users\Robin\AppData\Local\Programs\MiKTeX\tex/latex/graphics\trig.sty
Package: trig 2021/08/11 v1.11 sin cos tan (DPC)
)
(C:\Users\Robin\AppData\Local\Programs\MiKTeX\tex/latex/graphics-cfg\graphics.c
fg
File: graphics.cfg 2016/06/04 v1.11 sample graphics configuration
)
Package graphics Info: Driver file: pdftex.def on input line 107.

(C:\Users\Robin\AppData\Local\Programs\MiKTeX\tex/latex/graphics-def\pdftex.def
File: pdftex.def 2020/10/05 v1.2a Graphics/color driver for pdftex
))
\Gin@req@height=\dimen139
\Gin@req@width=\dimen140
) (C:\Users\Robin\AppData\Local\Programs\MiKTeX\tex/latex/float\float.sty
Package: float 2001/11/08 v1.3d Float enhancements (AL)
\c@float@type=\count193
\float@exts=\toks17
\float@box=\box51
\@float@everytoks=\toks18
\@floatcapt=\box52
)
(C:\Users\Robin\AppData\Local\Programs\MiKTeX\tex/latex/listings\listings.sty
\lst@mode=\count194
\lst@gtempboxa=\box53
\lst@token=\toks19
\lst@length=\count195
\lst@currlwidth=\dimen141
\lst@column=\count196
\lst@pos=\count197
\lst@lostspace=\dimen142
\lst@width=\dimen143
\lst@newlines=\count198
\lst@lineno=\count199
\lst@maxwidth=\dimen144

(C:\Users\Robin\AppData\Local\Programs\MiKTeX\tex/latex/listings\lstmisc.sty
File: lstmisc.sty 2020/03/24 1.8d (Carsten Heinz)
\c@lstnumber=\count266
\lst@skipnumbers=\count267
\lst@framebox=\box54
)
(C:\Users\Robin\AppData\Local\Programs\MiKTeX\tex/latex/listings\listings.cfg
File: listings.cfg 2020/03/24 1.8d listings configuration
))
Package: listings 2020/03/24 1.8d (Carsten Heinz)
(C:\Users\Robin\AppData\Local\Programs\MiKTeX\tex/latex/amsmath\amsmath.sty
Package: amsmath 2022/04/08 v2.17n AMS math features
\@mathmargin=\skip49

For additional information on amsmath, use the `?' option.
(C:\Users\Robin\AppData\Local\Programs\MiKTeX\tex/latex/amsmath\amstext.sty
Package: amstext 2021/08/26 v2.01 AMS text

(C:\Users\Robin\AppData\Local\Programs\MiKTeX\tex/latex/amsmath\amsgen.sty
File: amsgen.sty 1999/11/30 v2.0 generic functions
\@emptytoks=\toks20
\ex@=\dimen145
))
(C:\Users\Robin\AppData\Local\Programs\MiKTeX\tex/latex/amsmath\amsbsy.sty
Package: amsbsy 1999/11/29 v1.2d Bold Symbols
\pmbraise@=\dimen146
)
(C:\Users\Robin\AppData\Local\Programs\MiKTeX\tex/latex/amsmath\amsopn.sty
Package: amsopn 2022/04/08 v2.04 operator names
)
\inf@bad=\count268
LaTeX Info: Redefining \frac on input line 234.
\uproot@=\count269
\leftroot@=\count270
LaTeX Info: Redefining \overline on input line 399.
LaTeX Info: Redefining \colon on input line 410.
\classnum@=\count271
\DOTSCASE@=\count272
LaTeX Info: Redefining \ldots on input line 496.
LaTeX Info: Redefining \dots on input line 499.
LaTeX Info: Redefining \cdots on input line 620.
\Mathstrutbox@=\box55
\strutbox@=\box56
LaTeX Info: Redefining \big on input line 722.
LaTeX Info: Redefining \Big on input line 723.
LaTeX Info: Redefining \bigg on input line 724.
LaTeX Info: Redefining \Bigg on input line 725.
\big@size=\dimen147
LaTeX Font Info:    Redeclaring font encoding OML on input line 743.
LaTeX Font Info:    Redeclaring font encoding OMS on input line 744.
\macc@depth=\count273
LaTeX Info: Redefining \bmod on input line 905.
LaTeX Info: Redefining \pmod on input line 910.
LaTeX Info: Redefining \smash on input line 940.
LaTeX Info: Redefining \relbar on input line 970.
LaTeX Info: Redefining \Relbar on input line 971.
\c@MaxMatrixCols=\count274
\dotsspace@=\muskip16
\c@parentequation=\count275
\dspbrk@lvl=\count276
\tag@help=\toks21
\row@=\count277
\column@=\count278
\maxfields@=\count279
\andhelp@=\toks22
\eqnshift@=\dimen148
\alignsep@=\dimen149
\tagshift@=\dimen150
\tagwidth@=\dimen151
\totwidth@=\dimen152
\lineht@=\dimen153
\@envbody=\toks23
\multlinegap=\skip50
\multlinetaggap=\skip51
\mathdisplay@stack=\toks24
LaTeX Info: Redefining \[ on input line 2953.
LaTeX Info: Redefining \] on input line 2954.
)
(C:\Users\Robin\AppData\Local\Programs\MiKTeX\tex/latex/hyperref\hyperref.sty
Package: hyperref 2022-09-22 v7.00t Hypertext links for LaTeX

(C:\Users\Robin\AppData\Local\Programs\MiKTeX\tex/generic/ltxcmds\ltxcmds.sty
Package: ltxcmds 2020-05-10 v1.25 LaTeX kernel commands for general use (HO)
)
(C:\Users\Robin\AppData\Local\Programs\MiKTeX\tex/generic/iftex\iftex.sty
Package: iftex 2022/02/03 v1.0f TeX engine tests
)
(C:\Users\Robin\AppData\Local\Programs\MiKTeX\tex/generic/pdftexcmds\pdftexcmds
.sty
Package: pdftexcmds 2020-06-27 v0.33 Utility functions of pdfTeX for LuaTeX (HO
)

(C:\Users\Robin\AppData\Local\Programs\MiKTeX\tex/generic/infwarerr\infwarerr.s
ty
Package: infwarerr 2019/12/03 v1.5 Providing info/warning/error messages (HO)
)
Package pdftexcmds Info: \pdf@primitive is available.
Package pdftexcmds Info: \pdf@ifprimitive is available.
Package pdftexcmds Info: \pdfdraftmode found.
)
(C:\Users\Robin\AppData\Local\Programs\MiKTeX\tex/latex/kvsetkeys\kvsetkeys.sty
Package: kvsetkeys 2022-10-05 v1.19 Key value parser (HO)
)
(C:\Users\Robin\AppData\Local\Programs\MiKTeX\tex/generic/kvdefinekeys\kvdefine
keys.sty
Package: kvdefinekeys 2019-12-19 v1.6 Define keys (HO)
)
(C:\Users\Robin\AppData\Local\Programs\MiKTeX\tex/generic/pdfescape\pdfescape.s
ty
Package: pdfescape 2019/12/09 v1.15 Implements pdfTeX's escape features (HO)
) (C:\Users\Robin\AppData\Local\Programs\MiKTeX\tex/latex/hycolor\hycolor.sty
Package: hycolor 2020-01-27 v1.10 Color options for hyperref/bookmark (HO)
)
(C:\Users\Robin\AppData\Local\Programs\MiKTeX\tex/latex/letltxmacro\letltxmacro
.sty
Package: letltxmacro 2019/12/03 v1.6 Let assignment for LaTeX macros (HO)
)
(C:\Users\Robin\AppData\Local\Programs\MiKTeX\tex/latex/auxhook\auxhook.sty
Package: auxhook 2019-12-17 v1.6 Hooks for auxiliary files (HO)
)
(C:\Users\Robin\AppData\Local\Programs\MiKTeX\tex/latex/hyperref\nameref.sty
Package: nameref 2022-05-17 v2.50 Cross-referencing by name of section

(C:\Users\Robin\AppData\Local\Programs\MiKTeX\tex/latex/refcount\refcount.sty
Package: refcount 2019/12/15 v3.6 Data extraction from label references (HO)
)
(C:\Users\Robin\AppData\Local\Programs\MiKTeX\tex/generic/gettitlestring\gettit
lestring.sty
Package: gettitlestring 2019/12/15 v1.6 Cleanup title references (HO)

(C:\Users\Robin\AppData\Local\Programs\MiKTeX\tex/latex/kvoptions\kvoptions.sty
Package: kvoptions 2022-06-15 v3.15 Key value format for package options (HO)
))
\c@section@level=\count280
)
\@linkdim=\dimen154
\Hy@linkcounter=\count281
\Hy@pagecounter=\count282
 (C:\Users\Robin\AppData\Local\Programs\MiKTeX\tex/latex/hyperref\pd1enc.def
File: pd1enc.def 2022-09-22 v7.00t Hyperref: PDFDocEncoding definition (HO)
Now handling font encoding PD1 ...
... no UTF-8 mapping file for font encoding PD1
) (C:\Users\Robin\AppData\Local\Programs\MiKTeX\tex/generic/intcalc\intcalc.sty
Package: intcalc 2019/12/15 v1.3 Expandable calculations with integers (HO)
)
(C:\Users\Robin\AppData\Local\Programs\MiKTeX\tex/generic/etexcmds\etexcmds.sty
Package: etexcmds 2019/12/15 v1.7 Avoid name clashes with e-TeX commands (HO)
)
\Hy@SavedSpaceFactor=\count283
 (C:\Users\Robin\AppData\Local\Programs\MiKTeX\tex/latex/hyperref\puenc.def
File: puenc.def 2022-09-22 v7.00t Hyperref: PDF Unicode definition (HO)
Now handling font encoding PU ...
... no UTF-8 mapping file for font encoding PU
)
Package hyperref Info: Hyper figures OFF on input line 4162.
Package hyperref Info: Link nesting OFF on input line 4167.
Package hyperref Info: Hyper index ON on input line 4170.
Package hyperref Info: Plain pages OFF on input line 4177.
Package hyperref Info: Backreferencing OFF on input line 4182.
Package hyperref Info: Implicit mode ON; LaTeX internals redefined.
\stockwidth=\dimen155
\stockheight=\dimen156
Package hyperref Info: Bookmarks ON on input line 4410.
\c@Hy@tempcnt=\count284

(C:\Users\Robin\AppData\Local\Programs\MiKTeX\tex/latex/url\url.sty
\Urlmuskip=\muskip17
Package: url 2013/09/16  ver 3.4  Verb mode for urls, etc.
)
LaTeX Info: Redefining \url on input line 4748.
\XeTeXLinkMargin=\dimen157

(C:\Users\Robin\AppData\Local\Programs\MiKTeX\tex/generic/bitset\bitset.sty
Package: bitset 2019/12/09 v1.3 Handle bit-vector datatype (HO)

(C:\Users\Robin\AppData\Local\Programs\MiKTeX\tex/generic/bigintcalc\bigintcalc
.sty
Package: bigintcalc 2019/12/15 v1.5 Expandable calculations on big integers (HO
)
))
\Fld@menulength=\count285
\Field@Width=\dimen158
\Fld@charsize=\dimen159
Package hyperref Info: Hyper figures OFF on input line 6027.
Package hyperref Info: Link nesting OFF on input line 6032.
Package hyperref Info: Hyper index ON on input line 6035.
Package hyperref Info: backreferencing OFF on input line 6042.
Package hyperref Info: Link coloring OFF on input line 6047.
Package hyperref Info: Link coloring with OCG OFF on input line 6052.
Package hyperref Info: PDF/A mode OFF on input line 6057.

(C:\Users\Robin\AppData\Local\Programs\MiKTeX\tex/latex/base\atbegshi-ltx.sty
Package: atbegshi-ltx 2021/01/10 v1.0c Emulation of the original atbegshi
package with kernel methods
)
\Hy@abspage=\count286
\c@Item=\count287
\c@Hfootnote=\count288
)
Package hyperref Info: Driver (autodetected): hpdftex.
(C:\Users\Robin\AppData\Local\Programs\MiKTeX\tex/latex/hyperref\hpdftex.def
File: hpdftex.def 2022-09-22 v7.00t Hyperref driver for pdfTeX

(C:\Users\Robin\AppData\Local\Programs\MiKTeX\tex/latex/base\atveryend-ltx.sty
Package: atveryend-ltx 2020/08/19 v1.0a Emulation of the original atveryend pac
kage
with kernel methods
)
\Fld@listcount=\count289
\c@bookmark@seq@number=\count290

(C:\Users\Robin\AppData\Local\Programs\MiKTeX\tex/latex/rerunfilecheck\rerunfil
echeck.sty
Package: rerunfilecheck 2022-07-10 v1.10 Rerun checks for auxiliary files (HO)

(C:\Users\Robin\AppData\Local\Programs\MiKTeX\tex/generic/uniquecounter\uniquec
ounter.sty
Package: uniquecounter 2019/12/15 v1.4 Provide unlimited unique counter (HO)
)
Package uniquecounter Info: New unique counter `rerunfilecheck' on input line 2
85.
)
\Hy@SectionHShift=\skip52
)
(C:\Users\Robin\AppData\Local\Programs\MiKTeX\tex/latex/l3backend\l3backend-pdf
tex.def
File: l3backend-pdftex.def 2022-08-30 L3 backend support: PDF output (pdfTeX)
\l__color_backend_stack_int=\count291
\l__pdf_internal_box=\box57
) (protocol.aux)
\openout1 = `protocol.aux'.

LaTeX Font Info:    Checking defaults for OML/cmm/m/it on input line 10.
LaTeX Font Info:    ... okay on input line 10.
LaTeX Font Info:    Checking defaults for OMS/cmsy/m/n on input line 10.
LaTeX Font Info:    ... okay on input line 10.
LaTeX Font Info:    Checking defaults for OT1/cmr/m/n on input line 10.
LaTeX Font Info:    ... okay on input line 10.
LaTeX Font Info:    Checking defaults for T1/cmr/m/n on input line 10.
LaTeX Font Info:    ... okay on input line 10.
LaTeX Font Info:    Checking defaults for TS1/cmr/m/n on input line 10.
LaTeX Font Info:    ... okay on input line 10.
LaTeX Font Info:    Checking defaults for OMX/cmex/m/n on input line 10.
LaTeX Font Info:    ... okay on input line 10.
LaTeX Font Info:    Checking defaults for U/cmr/m/n on input line 10.
LaTeX Font Info:    ... okay on input line 10.
LaTeX Font Info:    Checking defaults for PD1/pdf/m/n on input line 10.
LaTeX Font Info:    ... okay on input line 10.
LaTeX Font Info:    Checking defaults for PU/pdf/m/n on input line 10.
LaTeX Font Info:    ... okay on input line 10.

(C:\Users\Robin\AppData\Local\Programs\MiKTeX\tex/context/base/mkii\supp-pdf.mk
ii
[Loading MPS to PDF converter (version 2006.09.02).]
\scratchcounter=\count292
\scratchdimen=\dimen160
\scratchbox=\box58
\nofMPsegments=\count293
\nofMParguments=\count294
\everyMPshowfont=\toks25
\MPscratchCnt=\count295
\MPscratchDim=\dimen161
\MPnumerator=\count296
\makeMPintoPDFobject=\count297
\everyMPtoPDFconversion=\toks26
)
(C:\Users\Robin\AppData\Local\Programs\MiKTeX\tex/latex/epstopdf-pkg\epstopdf-b
ase.sty
Package: epstopdf-base 2020-01-24 v2.11 Base part for package epstopdf
Package epstopdf-base Info: Redefining graphics rule for `.eps' on input line 4
85.

(C:\Users\Robin\AppData\Local\Programs\MiKTeX\tex/latex/00miktex\epstopdf-sys.c
fg
File: epstopdf-sys.cfg 2021/03/18 v2.0 Configuration of epstopdf for MiKTeX
))
\c@lstlisting=\count298
Package hyperref Info: Link coloring OFF on input line 10.
 (protocol.out) (protocol.out)
\@outlinefile=\write3
\openout3 = `protocol.out'.

 [1

{C:/Users/Robin/AppData/Local/MiKTeX/fonts/map/pdftex/pdftex.map}] (protocol.to
c)
\tf@toc=\write4
\openout4 = `protocol.toc'.

 [2]
<figures//data.png, id=92, 708.39656pt x 529.98pt>
File: figures//data.png Graphic file (type png)
<use figures//data.png>
Package pdftex.def Info: figures//data.png  used on input line 42.
(pdftex.def)             Requested size: 272.99881pt x 204.24104pt.
 [3 <./figures//data.png>]
<figures//projected.png, id=102, 493.845pt x 155.83218pt>
File: figures//projected.png Graphic file (type png)
<use figures//projected.png>
Package pdftex.def Info: figures//projected.png  used on input line 65.
(pdftex.def)             Requested size: 390.0pt x 123.06326pt.
<figures//bone_cut.png, id=104, 252.945pt x 135.50626pt>
File: figures//bone_cut.png Graphic file (type png)
<use figures//bone_cut.png>
Package pdftex.def Info: figures//bone_cut.png  used on input line 76.
(pdftex.def)             Requested size: 272.99881pt x 146.25151pt.
<figures//phantom_cut.png, id=106, 225.09094pt x 155.83218pt>
File: figures//phantom_cut.png Graphic file (type png)
<use figures//phantom_cut.png>
Package pdftex.def Info: figures//phantom_cut.png  used on input line 86.
(pdftex.def)             Requested size: 272.99881pt x 189.0212pt.
 [4 <./figures//projected.png (PNG copy)>] [5 <./figures//bone_cut.png (PNG cop
y)> <./figures//phantom_cut.png (PNG copy)>]
<figures//exa_lables.png, id=122, 225.09094pt x 155.83218pt>
File: figures//exa_lables.png Graphic file (type png)
<use figures//exa_lables.png>
Package pdftex.def Info: figures//exa_lables.png  used on input line 130.
(pdftex.def)             Requested size: 272.99881pt x 189.0212pt.
<figures//exa_lables_3d.png, id=123, 368.87813pt x 480.29437pt>
File: figures//exa_lables_3d.png Graphic file (type png)
<use figures//exa_lables_3d.png>
Package pdftex.def Info: figures//exa_lables_3d.png  used on input line 137.
(pdftex.def)             Requested size: 195.0pt x 253.89522pt.
 [6 <./figures//exa_lables.png (PNG copy)>]
<figures//calibration_curve.png, id=133, 462.528pt x 346.896pt>
File: figures//calibration_curve.png Graphic file (type png)
<use figures//calibration_curve.png>
Package pdftex.def Info: figures//calibration_curve.png  used on input line 152
.
(pdftex.def)             Requested size: 272.99881pt x 204.75684pt.
<figures//bone_calibrated.png, id=134, 252.945pt x 135.50626pt>
File: figures//bone_calibrated.png Graphic file (type png)
<use figures//bone_calibrated.png>
Package pdftex.def Info: figures//bone_calibrated.png  used on input line 159.
(pdftex.def)             Requested size: 272.99881pt x 146.25151pt.
<figures//bone_low_res-XM.png, id=137, 23.08624pt x 54.2025pt>
File: figures//bone_low_res-XM.png Graphic file (type png)
<use figures//bone_low_res-XM.png>
Package pdftex.def Info: figures//bone_low_res-XM.png  used on input line 174.
(pdftex.def)             Requested size: 81.90047pt x 192.28952pt.
<figures//bone_low_res-YM.png, id=138, 35.13126pt x 54.2025pt>
File: figures//bone_low_res-YM.png Graphic file (type png)
<use figures//bone_low_res-YM.png>
Package pdftex.def Info: figures//bone_low_res-YM.png  used on input line 180.
(pdftex.def)             Requested size: 81.90047pt x 126.38257pt.

Underfull \hbox (badness 1953) in paragraph at lines 181--181
[]\OT1/cmr/m/n/12 Figure 10: []Reduced
 []

<figures//bone_low_res-ZM.png, id=139, 35.13126pt x 23.08624pt>
File: figures//bone_low_res-ZM.png Graphic file (type png)
<use figures//bone_low_res-ZM.png>
Package pdftex.def Info: figures//bone_low_res-ZM.png  used on input line 186.
(pdftex.def)             Requested size: 81.90047pt x 53.82954pt.

Underfull \hbox (badness 1953) in paragraph at lines 187--187
[]\OT1/cmr/m/n/12 Figure 11: []Reduced
 []

<figures//scale_mask-XM.png, id=142, 23.08624pt x 54.2025pt>
File: figures//scale_mask-XM.png Graphic file (type png)
<use figures//scale_mask-XM.png>
Package pdftex.def Info: figures//scale_mask-XM.png  used on input line 202.
(pdftex.def)             Requested size: 81.90047pt x 192.28952pt.
<figures//scale_mask-YM.png, id=143, 35.13126pt x 54.2025pt>
File: figures//scale_mask-YM.png Graphic file (type png)
<use figures//scale_mask-YM.png>
Package pdftex.def Info: figures//scale_mask-YM.png  used on input line 208.
(pdftex.def)             Requested size: 81.90047pt x 126.38257pt.
<figures//scale_mask-ZM.png, id=144, 35.13126pt x 23.08624pt>
File: figures//scale_mask-ZM.png Graphic file (type png)
<use figures//scale_mask-ZM.png>
Package pdftex.def Info: figures//scale_mask-ZM.png  used on input line 214.
(pdftex.def)             Requested size: 81.90047pt x 53.82954pt.
[7 <./figures//exa_lables_3d.png>] [8 <./figures//calibration_curve.png> <./fig
ures//bone_calibrated.png (PNG copy)>]
<figures//bone_masked-XM.png, id=162, 23.08624pt x 54.2025pt>
File: figures//bone_masked-XM.png Graphic file (type png)
<use figures//bone_masked-XM.png>
Package pdftex.def Info: figures//bone_masked-XM.png  used on input line 226.
(pdftex.def)             Requested size: 81.90047pt x 192.28952pt.

Underfull \hbox (badness 4441) in paragraph at lines 227--227
[]\OT1/cmr/m/n/12 Figure 15: []Masked
 []

<figures//bone_masked-YM.png, id=163, 35.13126pt x 54.2025pt>
File: figures//bone_masked-YM.png Graphic file (type png)
<use figures//bone_masked-YM.png>
Package pdftex.def Info: figures//bone_masked-YM.png  used on input line 232.
(pdftex.def)             Requested size: 81.90047pt x 126.38257pt.

Underfull \hbox (badness 4441) in paragraph at lines 233--233
[]\OT1/cmr/m/n/12 Figure 16: []Masked
 []

<figures//bone_masked-ZM.png, id=164, 35.13126pt x 23.08624pt>
File: figures//bone_masked-ZM.png Graphic file (type png)
<use figures//bone_masked-ZM.png>
Package pdftex.def Info: figures//bone_masked-ZM.png  used on input line 238.
(pdftex.def)             Requested size: 81.90047pt x 53.82954pt.

Underfull \hbox (badness 4441) in paragraph at lines 239--239
[]\OT1/cmr/m/n/12 Figure 17: []Masked
 []

<figures//bone_embedded-XM.png, id=168, 23.08624pt x 54.2025pt>
File: figures//bone_embedded-XM.png Graphic file (type png)
<use figures//bone_embedded-XM.png>
Package pdftex.def Info: figures//bone_embedded-XM.png  used on input line 253.

(pdftex.def)             Requested size: 81.90047pt x 192.28952pt.

Underfull \hbox (badness 10000) in paragraph at lines 254--254
[]\OT1/cmr/m/n/12 Figure 18: []Final
 []


Underfull \hbox (badness 10000) in paragraph at lines 254--254
\OT1/cmr/m/n/12 masked bone with
 []


Underfull \hbox (badness 10000) in paragraph at lines 254--254
\OT1/cmr/m/n/12 em-bed-ding at head
 []

<figures//bone_embedded-YM.png, id=169, 35.13126pt x 54.2025pt>
File: figures//bone_embedded-YM.png Graphic file (type png)
<use figures//bone_embedded-YM.png>
Package pdftex.def Info: figures//bone_embedded-YM.png  used on input line 259.

(pdftex.def)             Requested size: 81.90047pt x 126.38257pt.

Underfull \hbox (badness 10000) in paragraph at lines 260--260
[]\OT1/cmr/m/n/12 Figure 19: []Final
 []


Underfull \hbox (badness 10000) in paragraph at lines 260--260
\OT1/cmr/m/n/12 masked bone with
 []


Underfull \hbox (badness 10000) in paragraph at lines 260--260
\OT1/cmr/m/n/12 em-bed-ding at head
 []

<figures//bone_embedded-ZM.png, id=170, 35.13126pt x 23.08624pt>
File: figures//bone_embedded-ZM.png Graphic file (type png)
<use figures//bone_embedded-ZM.png>
Package pdftex.def Info: figures//bone_embedded-ZM.png  used on input line 265.

(pdftex.def)             Requested size: 81.90047pt x 53.82954pt.

Underfull \hbox (badness 10000) in paragraph at lines 266--266
[]\OT1/cmr/m/n/12 Figure 20: []Final
 []


Underfull \hbox (badness 10000) in paragraph at lines 266--266
\OT1/cmr/m/n/12 masked bone with
 []


Underfull \hbox (badness 10000) in paragraph at lines 266--266
\OT1/cmr/m/n/12 em-bed-ding at head
 []

<figures//bone_embedded.png, id=171, 487.06969pt x 647.41875pt>
File: figures//bone_embedded.png Graphic file (type png)
<use figures//bone_embedded.png>
Package pdftex.def Info: figures//bone_embedded.png  used on input line 273.
(pdftex.def)             Requested size: 195.0pt x 259.19012pt.
[9 <./figures//bone_low_res-XM.png (PNG copy)> <./figures//bone_low_res-YM.png 
(PNG copy)> <./figures//bone_low_res-ZM.png (PNG copy)>] [10 <./figures//scale_
mask-XM.png (PNG copy)> <./figures//scale_mask-YM.png (PNG copy)> <./figures//s
cale_mask-ZM.png (PNG copy)> <./figures//bone_masked-XM.png (PNG copy)> <./figu
res//bone_masked-YM.png (PNG copy)> <./figures//bone_masked-ZM.png (PNG copy)>]
[11 <./figures//bone_embedded-XM.png (PNG copy)> <./figures//bone_embedded-YM.p
ng (PNG copy)> <./figures//bone_embedded-ZM.png (PNG copy)> <./figures//bone_em
bedded.png>]
<figures//model.png, id=198, 509.65407pt x 647.41875pt>
File: figures//model.png Graphic file (type png)
<use figures//model.png>
Package pdftex.def Info: figures//model.png  used on input line 306.
(pdftex.def)             Requested size: 191.10214pt x 242.76167pt.
<figures//model_cut.png, id=199, 509.65407pt x 647.41875pt>
File: figures//model_cut.png Graphic file (type png)
<use figures//model_cut.png>
Package pdftex.def Info: figures//model_cut.png  used on input line 312.
(pdftex.def)             Requested size: 191.10214pt x 242.76167pt.
<figures//displacement-X.png, id=203, 487.06969pt x 647.41875pt>
File: figures//displacement-X.png Graphic file (type png)
<use figures//displacement-X.png>
Package pdftex.def Info: figures//displacement-X.png  used on input line 327.
(pdftex.def)             Requested size: 117.00119pt x 155.51208pt.

Underfull \hbox (badness 10000) in paragraph at lines 328--328
[]\OT1/cmr/m/n/12 Figure 24:
 []


Underfull \hbox (badness 10000) in paragraph at lines 328--328
[]\OT1/cmr/m/n/12 Displacement mag-
 []

<figures//displacement-Y.png, id=204, 487.06969pt x 647.41875pt>
File: figures//displacement-Y.png Graphic file (type png)
<use figures//displacement-Y.png>
Package pdftex.def Info: figures//displacement-Y.png  used on input line 333.
(pdftex.def)             Requested size: 117.00119pt x 155.51208pt.

Underfull \hbox (badness 10000) in paragraph at lines 334--334
[]\OT1/cmr/m/n/12 Figure 25:
 []


Underfull \hbox (badness 10000) in paragraph at lines 334--334
[]\OT1/cmr/m/n/12 Displacement mag-
 []

<figures//displacement-Z.png, id=205, 487.06969pt x 647.41875pt>
File: figures//displacement-Z.png Graphic file (type png)
<use figures//displacement-Z.png>
Package pdftex.def Info: figures//displacement-Z.png  used on input line 339.
(pdftex.def)             Requested size: 117.00119pt x 155.51208pt.

Underfull \hbox (badness 10000) in paragraph at lines 340--340
[]\OT1/cmr/m/n/12 Figure 26:
 []


Underfull \hbox (badness 10000) in paragraph at lines 340--340
[]\OT1/cmr/m/n/12 Displacement mag-
 []

<figures//displacement.png, id=206, 509.65407pt x 647.41875pt>
File: figures//displacement.png Graphic file (type png)
<use figures//displacement.png>
Package pdftex.def Info: figures//displacement.png  used on input line 347.
(pdftex.def)             Requested size: 195.0pt x 247.71095pt.
<figures//stress_mises.png, id=208, 509.65407pt x 647.41875pt>
File: figures//stress_mises.png Graphic file (type png)
<use figures//stress_mises.png>
Package pdftex.def Info: figures//stress_mises.png  used on input line 358.
(pdftex.def)             Requested size: 195.0pt x 247.71095pt.
[12] [13 <./figures//model.png> <./figures//model_cut.png> <./figures//displace
ment-X.png> <./figures//displacement-Y.png> <./figures//displacement-Z.png>]
[14 <./figures//displacement.png> <./figures//stress_mises.png>] [15]

LaTeX Warning: Command \. invalid in math mode on input line 409.

protocol.tex:409: Please use \mathaccent for accents in math mode.
\add@accent ... \let \ignorespaces \relax \accent 
                                                  #1 #2\egroup \ifmmode \els...
l.409 ...ness of the proximal femur is $311.44\. N
                                                  /mm$.
I'm changing \accent to \mathaccent here; wish me luck.
(Accents are not the same in formulas as they are in text.)


LaTeX Warning: Command \. invalid in math mode on input line 410.

protocol.tex:410: Please use \mathaccent for accents in math mode.
\add@accent ... \let \ignorespaces \relax \accent 
                                                  #1 #2\egroup \ifmmode \els...
l.410 ...sts a spring stiffness of $6.28\pm1.94\.k
                                                  N/mm$, this result appears...
I'm changing \accent to \mathaccent here; wish me luck.
(Accents are not the same in formulas as they are in text.)


Overfull \hbox (0.22668pt too wide) in paragraph at lines 409--413
\OT1/cmr/m/n/12 Com-pared to lit-er-a-ture which sug-gests a spring stiff-ness 
of $6\OML/cmm/m/it/12 :\OT1/cmr/m/n/12 28 \OMS/cmsy/m/n/12 ^^F \OT1/cmr/m/n/12 
1\OML/cmm/m/it/12 :\OT1/cmr/m/n/12 94[]\OML/cmm/m/it/12 N=mm$\OT1/cmr/m/n/12 ,
 []

[16] (protocol.bbl) [17] (protocol.aux)
Package rerunfilecheck Info: File `protocol.out' has not changed.
(rerunfilecheck)             Checksum: 66029DEC008EDA0A0019A4F7C4A3CEF8;1842.
 ) 
Here is how much of TeX's memory you used:
 10705 strings out of 475389
 172433 string characters out of 2777000
 513268 words of memory out of 3000000
 31894 multiletter control sequences out of 15000+600000
 476068 words of font info for 52 fonts, out of 8000000 for 9000
 1141 hyphenation exceptions out of 8191
 72i,9n,77p,358b,452s stack positions out of 10000i,1000n,20000p,200000b,80000s
<C:/Users/Robin/AppData/Local/Programs/MiKTeX/fonts/type1/public/amsfonts/cm/
cmbx12.pfb><C:/Users/Robin/AppData/Local/Programs/MiKTeX/fonts/type1/public/ams
fonts/cm/cmex10.pfb><C:/Users/Robin/AppData/Local/Programs/MiKTeX/fonts/type1/p
ublic/amsfonts/cm/cmmi12.pfb><C:/Users/Robin/AppData/Local/Programs/MiKTeX/font
s/type1/public/amsfonts/cm/cmmi8.pfb><C:/Users/Robin/AppData/Local/Programs/MiK
TeX/fonts/type1/public/amsfonts/cm/cmr12.pfb><C:/Users/Robin/AppData/Local/Prog
rams/MiKTeX/fonts/type1/public/amsfonts/cm/cmr17.pfb><C:/Users/Robin/AppData/Lo
cal/Programs/MiKTeX/fonts/type1/public/amsfonts/cm/cmr8.pfb><C:/Users/Robin/App
Data/Local/Programs/MiKTeX/fonts/type1/public/amsfonts/cm/cmsy10.pfb><C:/Users/
Robin/AppData/Local/Programs/MiKTeX/fonts/type1/public/amsfonts/cm/cmti12.pfb><
C:/Users/Robin/AppData/Local/Programs/MiKTeX/fonts/type1/public/amsfonts/cm/cmt
t12.pfb>
Output written on "C:/Users\Robin\Documents\biomedical_engineering\Computationa
l Biomaterials and Biomechanics\Project Pahr\docu\protocol.pdf" (17 pages, 2899
996 bytes).
PDF statistics:
 331 PDF objects out of 1000 (max. 8388607)
 72 named destinations out of 1000 (max. 500000)
 261 words of extra memory for PDF output out of 10000 (max. 10000000)

